<?xml version="1.0" encoding="UTF-8"?>
<testng-results ignored="0" total="2" passed="2" failed="0" skipped="0">
  <reporter-output>
  </reporter-output>
  <suite started-at="2021-07-01T02:38:38 PDT" name="Suite" finished-at="2021-07-01T02:39:24 PDT" duration-ms="46671">
    <groups>
    </groups>
    <test started-at="2021-07-01T02:38:38 PDT" name="Test" finished-at="2021-07-01T02:39:24 PDT" duration-ms="46671">
      <class name="com.qa.testcases.CheckedOutTest">
        <test-method is-config="true" signature="initialize()[pri:0, instance:com.qa.testcases.CheckedOutTest@6f27a732]" started-at="2021-07-01T02:38:45 PDT" name="initialize" finished-at="2021-07-01T02:38:56 PDT" duration-ms="10951" status="PASS">
          <reporter-output>
          </reporter-output>
        </test-method> <!-- initialize -->
        <test-method signature="cackOutPagePricevalidation()[pri:0, instance:com.qa.testcases.CheckedOutTest@6f27a732]" started-at="2021-07-01T02:39:08 PDT" name="cackOutPagePricevalidation" finished-at="2021-07-01T02:39:24 PDT" duration-ms="15957" status="PASS">
          <reporter-output>
          </reporter-output>
        </test-method> <!-- cackOutPagePricevalidation -->
        <test-method is-config="true" signature="tearDown()[pri:0, instance:com.qa.testcases.CheckedOutTest@6f27a732]" started-at="2021-07-01T02:39:24 PDT" name="tearDown" finished-at="2021-07-01T02:39:24 PDT" duration-ms="144" status="PASS">
          <reporter-output>
          </reporter-output>
        </test-method> <!-- tearDown -->
      </class> <!-- com.qa.testcases.CheckedOutTest -->
      <class name="com.qa.testcases.AddToCartPageTest">
        <test-method is-config="true" signature="initialize()[pri:0, instance:com.qa.testcases.AddToCartPageTest@68e965f5]" started-at="2021-07-01T02:38:38 PDT" name="initialize" finished-at="2021-07-01T02:38:45 PDT" duration-ms="7585" status="PASS">
          <reporter-output>
          </reporter-output>
        </test-method> <!-- initialize -->
        <test-method signature="addtoCartPricevalidation()[pri:0, instance:com.qa.testcases.AddToCartPageTest@68e965f5]" started-at="2021-07-01T02:38:56 PDT" name="addtoCartPricevalidation" finished-at="2021-07-01T02:39:08 PDT" duration-ms="11889" status="PASS">
          <reporter-output>
          </reporter-output>
        </test-method> <!-- addtoCartPricevalidation -->
        <test-method is-config="true" signature="tearDown()[pri:0, instance:com.qa.testcases.AddToCartPageTest@68e965f5]" started-at="2021-07-01T02:39:24 PDT" name="tearDown" finished-at="2021-07-01T02:39:24 PDT" duration-ms="116" status="PASS">
          <reporter-output>
          </reporter-output>
        </test-method> <!-- tearDown -->
      </class> <!-- com.qa.testcases.AddToCartPageTest -->
    </test> <!-- Test -->
  </suite> <!-- Suite -->
</testng-results>
